# JRE version: OpenJDK Runtime Environment Corretto-17.0.8.7.1 (17.0.8+7) (build 17.0.8+7-LTS)
# Java VM: OpenJDK 64-Bit Server VM Corretto-17.0.8.7.1 (17.0.8+7-LTS, mixed mode, emulated-client, sharing, tiered, compressed oops, compressed class ptrs, g1 gc, windows-amd64)
GC Precious Log:
 CPUs: 4 total, 4 available
 Memory: 3445M
 Large Page Support: Disabled
 NUMA Support: Disabled
 Compressed Oops: Enabled (32-bit)
 Heap Region Size: 1M
 Heap Min Capacity: 8M
 Heap Initial Capacity: 54M
 Heap Max Capacity: 862M
 Pre-touch: Disabled
 Parallel Workers: 4
 Concurrent Workers: 1
 Concurrent Refinement Workers: 4
 Periodic GC: Disabled
Heap:
 garbage-first heap   total 51200K, used 24106K [0x00000000ca200000, 0x0000000100000000)
  region size 1024K, 7 young (7168K), 2 survivors (2048K)
 Metaspace       used 36822K, committed 37184K, reserved 1114112K
  class space    used 5194K, committed 5376K, reserved 1048576K
GC Heap History (20 events):
Event: 1.017 GC heap before
{Heap before GC invocations=0 (full 0):
 garbage-first heap   total 55296K, used 13312K [0x00000000ca200000, 0x0000000100000000)
  region size 1024K, 13 young (13312K), 0 survivors (0K)
 Metaspace       used 5248K, committed 5504K, reserved 1114112K
  class space    used 633K, committed 768K, reserved 1048576K
}
Event: 1.024 GC heap after
{Heap after GC invocations=1 (full 0):
 garbage-first heap   total 55296K, used 6662K [0x00000000ca200000, 0x0000000100000000)
  region size 1024K, 2 young (2048K), 2 survivors (2048K)
 Metaspace       used 5248K, committed 5504K, reserved 1114112K
  class space    used 633K, committed 768K, reserved 1048576K
}
Event: 1.325 GC heap before
{Heap before GC invocations=1 (full 0):
 garbage-first heap   total 55296K, used 17926K [0x00000000ca200000, 0x0000000100000000)
  region size 1024K, 14 young (14336K), 2 survivors (2048K)
 Metaspace       used 7196K, committed 7424K, reserved 1114112K
  class space    used 886K, committed 1024K, reserved 1048576K
}
Event: 1.328 GC heap after
{Heap after GC invocations=2 (full 0):
 garbage-first heap   total 55296K, used 8479K [0x00000000ca200000, 0x0000000100000000)
  region size 1024K, 2 young (2048K), 2 survivors (2048K)
 Metaspace       used 7196K, committed 7424K, reserved 1114112K
  class space    used 886K, committed 1024K, reserved 1048576K
}
Event: 1.728 GC heap before
{Heap before GC invocations=2 (full 0):
 garbage-first heap   total 55296K, used 22815K [0x00000000ca200000, 0x0000000100000000)
  region size 1024K, 17 young (17408K), 2 survivors (2048K)
 Metaspace       used 10378K, committed 10624K, reserved 1114112K
  class space    used 1393K, committed 1536K, reserved 1048576K
}
Event: 1.732 GC heap after
{Heap after GC invocations=3 (full 0):
 garbage-first heap   total 55296K, used 9775K [0x00000000ca200000, 0x0000000100000000)
  region size 1024K, 3 young (3072K), 3 survivors (3072K)
 Metaspace       used 10378K, committed 10624K, reserved 1114112K
  class space    used 1393K, committed 1536K, reserved 1048576K
}
Event: 2.174 GC heap before
{Heap before GC invocations=3 (full 0):
 garbage-first heap   total 55296K, used 34351K [0x00000000ca200000, 0x0000000100000000)
  region size 1024K, 28 young (28672K), 3 survivors (3072K)
 Metaspace       used 16344K, committed 16640K, reserved 1114112K
  class space    used 2157K, committed 2304K, reserved 1048576K
}
Event: 2.178 GC heap after
{Heap after GC invocations=4 (full 0):
 garbage-first heap   total 55296K, used 10790K [0x00000000ca200000, 0x0000000100000000)
  region size 1024K, 3 young (3072K), 3 survivors (3072K)
 Metaspace       used 16344K, committed 16640K, reserved 1114112K
  class space    used 2157K, committed 2304K, reserved 1048576K
}
Event: 3.050 GC heap before
{Heap before GC invocations=4 (full 0):
 garbage-first heap   total 55296K, used 35366K [0x00000000ca200000, 0x0000000100000000)
  region size 1024K, 28 young (28672K), 3 survivors (3072K)
 Metaspace       used 18792K, committed 19008K, reserved 1114112K
  class space    used 2507K, committed 2624K, reserved 1048576K
}
Event: 3.056 GC heap after
{Heap after GC invocations=5 (full 0):
 garbage-first heap   total 55296K, used 12902K [0x00000000ca200000, 0x0000000100000000)
  region size 1024K, 4 young (4096K), 4 survivors (4096K)
 Metaspace       used 18792K, committed 19008K, reserved 1114112K
  class space    used 2507K, committed 2624K, reserved 1048576K
}
Event: 3.832 GC heap before
{Heap before GC invocations=5 (full 0):
 garbage-first heap   total 55296K, used 35430K [0x00000000ca200000, 0x0000000100000000)
  region size 1024K, 27 young (27648K), 4 survivors (4096K)
 Metaspace       used 21194K, committed 21504K, reserved 1114112K
  class space    used 2852K, committed 2944K, reserved 1048576K
}
Event: 3.837 GC heap after
{Heap after GC invocations=6 (full 0):
 garbage-first heap   total 55296K, used 13851K [0x00000000ca200000, 0x0000000100000000)
  region size 1024K, 3 young (3072K), 3 survivors (3072K)
 Metaspace       used 21194K, committed 21504K, reserved 1114112K
  class space    used 2852K, committed 2944K, reserved 1048576K
}
Event: 4.494 GC heap before
{Heap before GC invocations=7 (full 0):
 garbage-first heap   total 51200K, used 40475K [0x00000000ca200000, 0x0000000100000000)
  region size 1024K, 29 young (29696K), 3 survivors (3072K)
 Metaspace       used 24680K, committed 24960K, reserved 1114112K
  class space    used 3442K, committed 3584K, reserved 1048576K
}
Event: 4.500 GC heap after
{Heap after GC invocations=8 (full 0):
 garbage-first heap   total 51200K, used 16376K [0x00000000ca200000, 0x0000000100000000)
  region size 1024K, 4 young (4096K), 4 survivors (4096K)
 Metaspace       used 24680K, committed 24960K, reserved 1114112K
  class space    used 3442K, committed 3584K, reserved 1048576K
}
Event: 4.963 GC heap before
{Heap before GC invocations=8 (full 0):
 garbage-first heap   total 51200K, used 37880K [0x00000000ca200000, 0x0000000100000000)
  region size 1024K, 25 young (25600K), 4 survivors (4096K)
 Metaspace       used 27562K, committed 27904K, reserved 1114112K
  class space    used 3780K, committed 3968K, reserved 1048576K
}
Event: 4.972 GC heap after
{Heap after GC invocations=9 (full 0):
 garbage-first heap   total 51200K, used 18202K [0x00000000ca200000, 0x0000000100000000)
  region size 1024K, 2 young (2048K), 2 survivors (2048K)
 Metaspace       used 27562K, committed 27904K, reserved 1114112K
  class space    used 3780K, committed 3968K, reserved 1048576K
}
Event: 5.487 GC heap before
{Heap before GC invocations=9 (full 0):
 garbage-first heap   total 51200K, used 36634K [0x00000000ca200000, 0x0000000100000000)
  region size 1024K, 21 young (21504K), 2 survivors (2048K)
 Metaspace       used 31394K, committed 31744K, reserved 1114112K
  class space    used 4361K, committed 4544K, reserved 1048576K
}
Event: 5.490 GC heap after
{Heap after GC invocations=10 (full 0):
 garbage-first heap   total 51200K, used 19123K [0x00000000ca200000, 0x0000000100000000)
  region size 1024K, 1 young (1024K), 1 survivors (1024K)
 Metaspace       used 31394K, committed 31744K, reserved 1114112K
  class space    used 4361K, committed 4544K, reserved 1048576K
}
Event: 6.127 GC heap before
{Heap before GC invocations=10 (full 0):
 garbage-first heap   total 51200K, used 33459K [0x00000000ca200000, 0x0000000100000000)
  region size 1024K, 16 young (16384K), 1 survivors (1024K)
 Metaspace       used 35671K, committed 35968K, reserved 1114112K
  class space    used 5023K, committed 5184K, reserved 1048576K
}
Event: 6.130 GC heap after
{Heap after GC invocations=11 (full 0):
 garbage-first heap   total 51200K, used 20010K [0x00000000ca200000, 0x0000000100000000)
  region size 1024K, 2 young (2048K), 2 survivors (2048K)
 Metaspace       used 35671K, committed 35968K, reserved 1114112K
  class space    used 5023K, committed 5184K, reserved 1048576K
}

