# JRE version: OpenJDK Runtime Environment Corretto-17.0.8.7.1 (17.0.8+7) (build 17.0.8+7-LTS)
# Java VM: OpenJDK 64-Bit Server VM Corretto-17.0.8.7.1 (17.0.8+7-LTS, mixed mode, emulated-client, sharing, tiered, compressed oops, compressed class ptrs, g1 gc, windows-amd64)
GC Precious Log:
 CPUs: 4 total, 4 available
 Memory: 3445M
 Large Page Support: Disabled
 NUMA Support: Disabled
 Compressed Oops: Enabled (32-bit)
 Heap Region Size: 1M
 Heap Min Capacity: 8M
 Heap Initial Capacity: 54M
 Heap Max Capacity: 862M
 Pre-touch: Disabled
 Parallel Workers: 4
 Concurrent Workers: 1
 Concurrent Refinement Workers: 4
 Periodic GC: Disabled
Heap:
 garbage-first heap   total 55296K, used 37601K [0x00000000ca200000, 0x0000000100000000)
  region size 1024K, 2 young (2048K), 2 survivors (2048K)
 Metaspace       used 52725K, committed 53120K, reserved 1114112K
  class space    used 7484K, committed 7680K, reserved 1048576K
GC Heap History (20 events):
Event: 6.422 GC heap after
{Heap after GC invocations=14 (full 0):
 garbage-first heap   total 51200K, used 21277K [0x00000000ca200000, 0x0000000100000000)
  region size 1024K, 3 young (3072K), 3 survivors (3072K)
 Metaspace       used 40461K, committed 40832K, reserved 1114112K
  class space    used 5649K, committed 5824K, reserved 1048576K
}
Event: 6.909 GC heap before
{Heap before GC invocations=15 (full 0):
 garbage-first heap   total 51200K, used 38685K [0x00000000ca200000, 0x0000000100000000)
  region size 1024K, 21 young (21504K), 3 survivors (3072K)
 Metaspace       used 42852K, committed 43264K, reserved 1114112K
  class space    used 6145K, committed 6336K, reserved 1048576K
}
Event: 6.913 GC heap after
{Heap after GC invocations=16 (full 0):
 garbage-first heap   total 51200K, used 22062K [0x00000000ca200000, 0x0000000100000000)
  region size 1024K, 3 young (3072K), 3 survivors (3072K)
 Metaspace       used 42852K, committed 43264K, reserved 1114112K
  class space    used 6145K, committed 6336K, reserved 1048576K
}
Event: 7.652 GC heap before
{Heap before GC invocations=16 (full 0):
 garbage-first heap   total 51200K, used 40494K [0x00000000ca200000, 0x0000000100000000)
  region size 1024K, 21 young (21504K), 3 survivors (3072K)
 Metaspace       used 45990K, committed 46272K, reserved 1114112K
  class space    used 6580K, committed 6720K, reserved 1048576K
}
Event: 7.655 GC heap after
{Heap after GC invocations=17 (full 0):
 garbage-first heap   total 51200K, used 23566K [0x00000000ca200000, 0x0000000100000000)
  region size 1024K, 3 young (3072K), 3 survivors (3072K)
 Metaspace       used 45990K, committed 46272K, reserved 1114112K
  class space    used 6580K, committed 6720K, reserved 1048576K
}
Event: 8.032 GC heap before
{Heap before GC invocations=17 (full 0):
 garbage-first heap   total 51200K, used 40974K [0x00000000ca200000, 0x0000000100000000)
  region size 1024K, 20 young (20480K), 3 survivors (3072K)
 Metaspace       used 48759K, committed 49088K, reserved 1114112K
  class space    used 6956K, committed 7104K, reserved 1048576K
}
Event: 8.035 GC heap after
{Heap after GC invocations=18 (full 0):
 garbage-first heap   total 51200K, used 24569K [0x00000000ca200000, 0x0000000100000000)
  region size 1024K, 3 young (3072K), 3 survivors (3072K)
 Metaspace       used 48759K, committed 49088K, reserved 1114112K
  class space    used 6956K, committed 7104K, reserved 1048576K
}
Event: 8.132 GC heap before
{Heap before GC invocations=18 (full 0):
 garbage-first heap   total 51200K, used 40953K [0x00000000ca200000, 0x0000000100000000)
  region size 1024K, 19 young (19456K), 3 survivors (3072K)
 Metaspace       used 48870K, committed 49216K, reserved 1114112K
  class space    used 6965K, committed 7104K, reserved 1048576K
}
Event: 8.135 GC heap after
{Heap after GC invocations=19 (full 0):
 garbage-first heap   total 51200K, used 25112K [0x00000000ca200000, 0x0000000100000000)
  region size 1024K, 2 young (2048K), 2 survivors (2048K)
 Metaspace       used 48870K, committed 49216K, reserved 1114112K
  class space    used 6965K, committed 7104K, reserved 1048576K
}
Event: 8.407 GC heap before
{Heap before GC invocations=19 (full 0):
 garbage-first heap   total 51200K, used 40472K [0x00000000ca200000, 0x0000000100000000)
  region size 1024K, 18 young (18432K), 2 survivors (2048K)
 Metaspace       used 50385K, committed 50688K, reserved 1114112K
  class space    used 7167K, committed 7296K, reserved 1048576K
}
Event: 8.411 GC heap after
{Heap after GC invocations=20 (full 0):
 garbage-first heap   total 51200K, used 26178K [0x00000000ca200000, 0x0000000100000000)
  region size 1024K, 3 young (3072K), 3 survivors (3072K)
 Metaspace       used 50385K, committed 50688K, reserved 1114112K
  class space    used 7167K, committed 7296K, reserved 1048576K
}
Event: 8.775 GC heap before
{Heap before GC invocations=21 (full 0):
 garbage-first heap   total 51200K, used 42562K [0x00000000ca200000, 0x0000000100000000)
  region size 1024K, 19 young (19456K), 3 survivors (3072K)
 Metaspace       used 52506K, committed 52928K, reserved 1114112K
  class space    used 7459K, committed 7680K, reserved 1048576K
}
Event: 8.779 GC heap after
{Heap after GC invocations=22 (full 0):
 garbage-first heap   total 51200K, used 27657K [0x00000000ca200000, 0x0000000100000000)
  region size 1024K, 3 young (3072K), 3 survivors (3072K)
 Metaspace       used 52506K, committed 52928K, reserved 1114112K
  class space    used 7459K, committed 7680K, reserved 1048576K
}
Event: 8.804 GC heap before
{Heap before GC invocations=22 (full 0):
 garbage-first heap   total 51200K, used 33801K [0x00000000ca200000, 0x0000000100000000)
  region size 1024K, 10 young (10240K), 3 survivors (3072K)
 Metaspace       used 52633K, committed 53056K, reserved 1114112K
  class space    used 7472K, committed 7680K, reserved 1048576K
}
Event: 8.808 GC heap after
{Heap after GC invocations=23 (full 0):
 garbage-first heap   total 51200K, used 29156K [0x00000000ca200000, 0x0000000100000000)
  region size 1024K, 2 young (2048K), 2 survivors (2048K)
 Metaspace       used 52633K, committed 53056K, reserved 1114112K
  class space    used 7472K, committed 7680K, reserved 1048576K
}
Event: 8.841 GC heap before
{Heap before GC invocations=23 (full 0):
 garbage-first heap   total 51200K, used 41444K [0x00000000ca200000, 0x0000000100000000)
  region size 1024K, 14 young (14336K), 2 survivors (2048K)
 Metaspace       used 52633K, committed 53056K, reserved 1114112K
  class space    used 7472K, committed 7680K, reserved 1048576K
}
Event: 8.845 GC heap after
{Heap after GC invocations=24 (full 0):
 garbage-first heap   total 51200K, used 31699K [0x00000000ca200000, 0x0000000100000000)
  region size 1024K, 2 young (2048K), 2 survivors (2048K)
 Metaspace       used 52633K, committed 53056K, reserved 1114112K
  class space    used 7472K, committed 7680K, reserved 1048576K
}
Event: 8.881 GC heap before
{Heap before GC invocations=25 (full 0):
 garbage-first heap   total 55296K, used 39891K [0x00000000ca200000, 0x0000000100000000)
  region size 1024K, 11 young (11264K), 2 survivors (2048K)
 Metaspace       used 52648K, committed 53056K, reserved 1114112K
  class space    used 7475K, committed 7680K, reserved 1048576K
}
Event: 8.885 GC heap after
{Heap after GC invocations=26 (full 0):
 garbage-first heap   total 55296K, used 33987K [0x00000000ca200000, 0x0000000100000000)
  region size 1024K, 2 young (2048K), 2 survivors (2048K)
 Metaspace       used 52648K, committed 53056K, reserved 1114112K
  class space    used 7475K, committed 7680K, reserved 1048576K
}
Event: 8.942 GC heap before
{Heap before GC invocations=26 (full 0):
 garbage-first heap   total 55296K, used 43203K [0x00000000ca200000, 0x0000000100000000)
  region size 1024K, 11 young (11264K), 2 survivors (2048K)
 Metaspace       used 52725K, committed 53120K, reserved 1114112K
  class space    used 7484K, committed 7680K, reserved 1048576K
}

